<?xml version="1.0" encoding="UTF-8"?>
<!-- Generated by org.testng.reporters.JUnitReportReporter -->
<testsuite hostname="Anurag" failures="0" tests="1" name="contacts.CreateContactTest" time="24.291" errors="0" timestamp="2025-02-12T14:51:14 IST" skipped="0">
  <testcase classname="contacts.CreateContactTest" name="createContactTest" time="24.291"/>
</testsuite> <!-- contacts.CreateContactTest -->
