<?xml version="1.0" encoding="UTF-8"?>
<!-- Generated by org.testng.reporters.JUnitReportReporter -->
<testsuite hostname="Anurag" failures="0" tests="2" name="contacts.ContactWithIndustryTest" time="-1741702528.000" errors="1" timestamp="2025-03-11T19:46:27 IST" skipped="1">
  <testcase classname="contacts.ContactWithIndustryTest" name="contactWithIndustryTest" time="0.000">
    <skipped/>
  </testcase> <!-- contactWithIndustryTest -->
  <testcase classname="contacts.ContactWithIndustryTest" name="selectBrowser" time="-1741702528.000">
    <error message="
Parameter &#039;Browser&#039; is required by BeforeClass on method selectBrowser but has not been marked @Optional or defined
in C:\Users\asjad\git\Selenium_project\vitger_crm-framework\parallel.xml" type="org.testng.TestNGException">
      <![CDATA[org.testng.TestNGException: 
Parameter 'Browser' is required by BeforeClass on method selectBrowser but has not been marked @Optional or defined
in C:\Users\asjad\git\Selenium_project\vitger_crm-framework\parallel.xml
at org.testng.internal.Parameters.createParams(Parameters.java:264)
at org.testng.internal.Parameters.createParametersForMethod(Parameters.java:352)
at org.testng.internal.Parameters.createParameters(Parameters.java:690)
at org.testng.internal.Parameters.createConfigurationParameters(Parameters.java:163)
at org.testng.internal.invokers.ConfigInvoker.invokeConfigurations(ConfigInvoker.java:313)
at org.testng.internal.invokers.TestMethodWorker.invokeBeforeClassMethods(TestMethodWorker.java:188)
at org.testng.internal.invokers.TestMethodWorker.run(TestMethodWorker.java:128)
at java.base/java.util.ArrayList.forEach(ArrayList.java:1511)
at org.testng.TestRunner.privateRun(TestRunner.java:739)
at org.testng.TestRunner.run(TestRunner.java:614)
at org.testng.SuiteRunner.runTest(SuiteRunner.java:421)
at org.testng.SuiteRunner$SuiteWorker.run(SuiteRunner.java:463)
at org.testng.internal.thread.ThreadUtil.lambda$execute$0(ThreadUtil.java:64)
at java.base/java.util.concurrent.FutureTask.run(FutureTask.java:264)
at java.base/java.util.concurrent.ThreadPoolExecutor.runWorker(ThreadPoolExecutor.java:1136)
at java.base/java.util.concurrent.ThreadPoolExecutor$Worker.run(ThreadPoolExecutor.java:635)
at java.base/java.lang.Thread.run(Thread.java:842)
]]>
    </error>
  </testcase> <!-- selectBrowser -->
</testsuite> <!-- contacts.ContactWithIndustryTest -->
