<?xml version="1.0" encoding="UTF-8"?>
<!-- Generated by org.testng.reporters.JUnitReportReporter -->
<testsuite hostname="Anurag" failures="0" tests="1" name="contacts.CreateContactTest" time="25.978" errors="0" timestamp="2025-03-12T18:21:20 IST" skipped="0">
  <testcase classname="contacts.CreateContactTest" name="createContactTest" time="25.978"/>
</testsuite> <!-- contacts.CreateContactTest -->
