<?xml version="1.0" encoding="UTF-8"?>
<!-- Generated by org.testng.reporters.JUnitReportReporter -->
<testsuite hostname="Anurag" failures="0" tests="3" name="generic_utility.DataProviderImp" time="0.010" errors="0" timestamp="2025-02-21T01:26:15 IST" skipped="0">
  <testcase classname="generic_utility.DataProviderImp" name="createAccount" time="0.007">
    <system-out>
      <![CDATA[john cena]]>
    </system-out>
  </testcase> <!-- createAccount -->
  <testcase classname="generic_utility.DataProviderImp" name="createAccount" time="0.002">
    <system-out>
      <![CDATA[roman reigns]]>
    </system-out>
  </testcase> <!-- createAccount -->
  <testcase classname="generic_utility.DataProviderImp" name="createAccount" time="0.001">
    <system-out>
      <![CDATA[Khali The great]]>
    </system-out>
  </testcase> <!-- createAccount -->
  <system-out>
    <![CDATA[john cena
roman reigns
Khali The great]]>
  </system-out>
</testsuite> <!-- generic_utility.DataProviderImp -->
