<?xml version="1.0" encoding="UTF-8"?>
<!-- Generated by org.testng.reporters.JUnitReportReporter -->
<testsuite hostname="Anurag" failures="0" tests="2" name="contacts.ContactWithIndustryTest" time="83.721" errors="0" timestamp="2025-03-13T00:45:52 IST" skipped="0">
  <testcase classname="contacts.ContactWithIndustryTest" name="contactWithIndustryTest" time="32.872"/>
  <testcase classname="contacts.ContactWithIndustryTest" name="contactWithIndustryTest" time="50.849"/>
</testsuite> <!-- contacts.ContactWithIndustryTest -->
