<?xml version="1.0" encoding="UTF-8"?>
<!-- Generated by org.testng.reporters.JUnitReportReporter -->
<testsuite hostname="Anurag" failures="0" tests="3" name="test.Test1" time="0.007" errors="0" timestamp="2025-02-12T22:12:10 IST" skipped="0">
  <testcase classname="test.Test1" name="modifyAccount" time="0.000">
    <system-out>
      <![CDATA[Test Script 2]]>
    </system-out>
  </testcase> <!-- modifyAccount -->
  <testcase classname="test.Test1" name="createAccount" time="0.000">
    <system-out>
      <![CDATA[Test Script 1]]>
    </system-out>
  </testcase> <!-- createAccount -->
  <testcase classname="test.Test1" name="deleteAccount" time="0.007">
    <system-out>
      <![CDATA[Test Script 3]]>
    </system-out>
  </testcase> <!-- deleteAccount -->
  <system-out>
    <![CDATA[Test Script 3
Test Script 2
Test Script 1]]>
  </system-out>
</testsuite> <!-- test.Test1 -->
