<?xml version="1.0" encoding="UTF-8"?>
<!-- Generated by org.testng.reporters.JUnitReportReporter -->
<testsuite hostname="Anurag" failures="0" tests="2" name="contacts.ContactWithIndustryTest" time="62.033" errors="0" timestamp="2025-02-12T14:19:41 IST" skipped="0">
  <testcase classname="contacts.ContactWithIndustryTest" name="contactWithIndustryTest" time="33.975"/>
  <testcase classname="contacts.ContactWithIndustryTest" name="contactWithIndustryTest" time="28.058"/>
</testsuite> <!-- contacts.ContactWithIndustryTest -->
