<?xml version="1.0" encoding="UTF-8"?>
<!-- Generated by org.testng.reporters.JUnitReportReporter -->
<testsuite hostname="Anurag" failures="0" tests="2" name="contacts.ContactWithIndustryTest" time="71.677" errors="0" timestamp="2025-03-18T12:48:07 IST" skipped="0">
  <testcase classname="contacts.ContactWithIndustryTest" name="contactWithIndustryTest" time="33.745"/>
  <testcase classname="contacts.ContactWithIndustryTest" name="contactWithIndustryTest" time="37.932"/>
</testsuite> <!-- contacts.ContactWithIndustryTest -->
