<?xml version="1.0" encoding="UTF-8"?>
<!-- Generated by org.testng.reporters.JUnitReportReporter -->
<testsuite hostname="Anurag" failures="0" tests="1" name="organizations.CreateOragnizationTest" time="18.698" errors="0" timestamp="2025-03-11T21:42:08 IST" skipped="0">
  <testcase classname="organizations.CreateOragnizationTest" name="createOragnizationTest" time="18.698"/>
</testsuite> <!-- organizations.CreateOragnizationTest -->
