<?xml version="1.0" encoding="UTF-8"?>
<!-- Generated by org.testng.reporters.JUnitReportReporter -->
<testsuite hostname="Anurag" failures="0" tests="2" name="organizations.CreateOragnizationTest" time="48.757" errors="0" timestamp="2025-03-13T00:34:35 IST" skipped="0">
  <testcase classname="organizations.CreateOragnizationTest" name="createOragnizationTest" time="23.843"/>
  <testcase classname="organizations.CreateOragnizationTest" name="createOragnizationTest" time="24.914"/>
</testsuite> <!-- organizations.CreateOragnizationTest -->
