<?xml version="1.0" encoding="UTF-8"?>
<!-- Generated by org.testng.reporters.JUnitReportReporter -->
<testsuite hostname="Anurag" failures="0" tests="1" name="organizations.Organization_Industry" time="30.956" errors="0" timestamp="2025-02-09T01:05:46 IST" skipped="0">
  <testcase classname="organizations.Organization_Industry" name="organization_Industry" time="30.956"/>
</testsuite> <!-- organizations.Organization_Industry -->
