<?xml version="1.0" encoding="UTF-8"?>
<!-- Generated by org.testng.reporters.JUnitReportReporter -->
<testsuite hostname="Anurag" failures="0" tests="2" name="contacts.CreateContactTest" time="73.254" errors="0" timestamp="2025-03-13T00:45:52 IST" skipped="0">
  <testcase classname="contacts.CreateContactTest" name="createContactTest" time="27.932"/>
  <testcase classname="contacts.CreateContactTest" name="createContactTest" time="45.322"/>
</testsuite> <!-- contacts.CreateContactTest -->
