<?xml version="1.0" encoding="UTF-8"?>
<!-- Generated by org.testng.reporters.JUnitReportReporter -->
<testsuite hostname="Anurag" failures="0" tests="1" name="organizations.Organization_IndustryTest" time="18.467" errors="0" timestamp="2025-02-12T14:51:14 IST" skipped="0">
  <testcase classname="organizations.Organization_IndustryTest" name="organization_IndustryTest" time="18.467"/>
</testsuite> <!-- organizations.Organization_IndustryTest -->
