<?xml version="1.0" encoding="UTF-8"?>
<!-- Generated by org.testng.reporters.JUnitReportReporter -->
<testsuite hostname="Anurag" failures="0" tests="2" name="organizations.Organization_IndustryTest" time="52.894" errors="0" timestamp="2025-03-13T00:34:35 IST" skipped="0">
  <testcase classname="organizations.Organization_IndustryTest" name="organization_IndustryTest" time="28.176"/>
  <testcase classname="organizations.Organization_IndustryTest" name="organization_IndustryTest" time="24.718"/>
</testsuite> <!-- organizations.Organization_IndustryTest -->
