<?xml version="1.0" encoding="UTF-8"?>
<!-- Generated by org.testng.reporters.JUnitReportReporter -->
<testsuite hostname="Anurag" failures="0" tests="2" name="contacts.ContactWithIndustryTest" time="73.201" errors="0" timestamp="2025-03-13T00:34:35 IST" skipped="0">
  <testcase classname="contacts.ContactWithIndustryTest" name="contactWithIndustryTest" time="33.409"/>
  <testcase classname="contacts.ContactWithIndustryTest" name="contactWithIndustryTest" time="39.792"/>
</testsuite> <!-- contacts.ContactWithIndustryTest -->
