<?xml version="1.0" encoding="UTF-8"?>
<!-- Generated by org.testng.reporters.JUnitReportReporter -->
<testsuite hostname="Anurag" failures="0" tests="2" name="organizations.Organization_PhoneNoTest" time="55.022" errors="0" timestamp="2025-03-13T00:45:52 IST" skipped="0">
  <testcase classname="organizations.Organization_PhoneNoTest" name="organization_PhoneNoTest" time="34.263"/>
  <testcase classname="organizations.Organization_PhoneNoTest" name="organization_PhoneNoTest" time="20.759"/>
</testsuite> <!-- organizations.Organization_PhoneNoTest -->
