<?xml version="1.0" encoding="UTF-8"?>
<!-- Generated by org.testng.reporters.JUnitReportReporter -->
<testsuite hostname="Anurag" failures="0" tests="2" name="contacts.CreateContactTest" time="63.065" errors="0" timestamp="2025-03-13T00:34:35 IST" skipped="0">
  <testcase classname="contacts.CreateContactTest" name="createContactTest" time="28.755"/>
  <testcase classname="contacts.CreateContactTest" name="createContactTest" time="34.310"/>
</testsuite> <!-- contacts.CreateContactTest -->
