<?xml version="1.0" encoding="UTF-8"?>
<!-- Generated by org.testng.reporters.JUnitReportReporter -->
<testsuite hostname="Anurag" failures="0" tests="1" name="contacts.CreateContactTest" time="50.118" errors="0" timestamp="2025-03-11T21:42:08 IST" skipped="0">
  <testcase classname="contacts.CreateContactTest" name="createContactTest" time="50.118"/>
</testsuite> <!-- contacts.CreateContactTest -->
