<?xml version="1.0" encoding="UTF-8"?>
<!-- Generated by org.testng.reporters.JUnitReportReporter -->
<testsuite hostname="Anurag" failures="0" tests="1" name="organizations.Organization_PhoneNoTest" time="21.598" errors="0" timestamp="2025-03-13T00:34:35 IST" skipped="0">
  <testcase classname="organizations.Organization_PhoneNoTest" name="organization_PhoneNoTest" time="21.598"/>
</testsuite> <!-- organizations.Organization_PhoneNoTest -->
