<?xml version="1.0" encoding="UTF-8"?>
<!-- Generated by org.testng.reporters.JUnitReportReporter -->
<testsuite hostname="Anurag" failures="0" tests="2" name="organizations.CreateOragnizationTest" time="63.637" errors="0" timestamp="2025-03-13T00:45:52 IST" skipped="0">
  <testcase classname="organizations.CreateOragnizationTest" name="createOragnizationTest" time="34.898"/>
  <testcase classname="organizations.CreateOragnizationTest" name="createOragnizationTest" time="28.739"/>
</testsuite> <!-- organizations.CreateOragnizationTest -->
