<?xml version="1.0" encoding="UTF-8"?>
<!-- Generated by org.testng.reporters.JUnitReportReporter -->
<testsuite hostname="Anurag" failures="0" tests="1" name="organizations.Organization_PhoneNoTest" time="22.490" errors="0" timestamp="2025-02-12T02:14:16 IST" skipped="0">
  <testcase classname="organizations.Organization_PhoneNoTest" name="organization_PhoneNoTest" time="22.490"/>
</testsuite> <!-- organizations.Organization_PhoneNoTest -->
