<?xml version="1.0" encoding="UTF-8"?>
<!-- Generated by org.testng.reporters.JUnitReportReporter -->
<testsuite hostname="Anurag" failures="0" tests="1" name="contacts.CreateContactTest" time="30.451" errors="0" timestamp="2025-02-11T03:03:09 IST" skipped="0">
  <testcase classname="contacts.CreateContactTest" name="createContactTest" time="30.451"/>
</testsuite> <!-- contacts.CreateContactTest -->
