<?xml version="1.0" encoding="UTF-8"?>
<!-- Generated by org.testng.reporters.JUnitReportReporter -->
<testsuite hostname="Anurag" failures="0" tests="2" name="organizations.Organization_IndustryTest" time="45.517" errors="0" timestamp="2025-03-18T12:48:07 IST" skipped="0">
  <testcase classname="organizations.Organization_IndustryTest" name="organization_IndustryTest" time="20.410"/>
  <testcase classname="organizations.Organization_IndustryTest" name="organization_IndustryTest" time="25.107"/>
</testsuite> <!-- organizations.Organization_IndustryTest -->
