<?xml version="1.0" encoding="UTF-8"?>
<!-- Generated by org.testng.reporters.JUnitReportReporter -->
<testsuite hostname="Anurag" failures="0" tests="1" name="organizations.CreateOragnization" time="21.275" errors="0" timestamp="2025-02-09T01:18:19 IST" skipped="0">
  <testcase classname="organizations.CreateOragnization" name="createOragnization" time="21.275"/>
</testsuite> <!-- organizations.CreateOragnization -->
