<?xml version="1.0" encoding="UTF-8"?>
<!-- Generated by org.testng.reporters.JUnitReportReporter -->
<testsuite hostname="Anurag" failures="0" tests="2" name="contacts.CreateContactTest" time="65.381" errors="0" timestamp="2025-03-18T12:48:07 IST" skipped="0">
  <testcase classname="contacts.CreateContactTest" name="createContactTest" time="30.645"/>
  <testcase classname="contacts.CreateContactTest" name="createContactTest" time="34.736"/>
</testsuite> <!-- contacts.CreateContactTest -->
