<?xml version="1.0" encoding="UTF-8"?>
<!-- Generated by org.testng.reporters.JUnitReportReporter -->
<testsuite hostname="Anurag" failures="0" tests="1" name="organizations.CreateOragnizationTest" time="45.797" errors="0" timestamp="2025-02-12T13:09:10 IST" skipped="0">
  <testcase classname="organizations.CreateOragnizationTest" name="createOragnizationTest" time="45.797"/>
</testsuite> <!-- organizations.CreateOragnizationTest -->
